<?xml version="1.0" encoding="UTF-8"?>
<testng-results skipped="0" failed="0" ignored="0" total="1" passed="1">
  <reporter-output>
  </reporter-output>
  <suite name="Default suite" duration-ms="34246" started-at="2017-10-26T19:45:25Z" finished-at="2017-10-26T19:46:00Z">
    <groups>
    </groups>
    <test name="Default test" duration-ms="34246" started-at="2017-10-26T19:45:25Z" finished-at="2017-10-26T19:46:00Z">
      <class name="executionEngine.DriverScriptTest">
        <test-method status="PASS" signature="Initialize()[pri:0, instance:executionEngine.DriverScriptTest@4206a205]" name="Initialize" duration-ms="34176" started-at="2017-10-26T15:45:25Z" finished-at="2017-10-26T15:46:00Z">
          <reporter-output>
          </reporter-output>
        </test-method> <!-- Initialize -->
      </class> <!-- executionEngine.DriverScriptTest -->
    </test> <!-- Default test -->
  </suite> <!-- Default suite -->
</testng-results>
