<?xml version="1.0" encoding="UTF-8"?>
<testng-results skipped="0" failed="0" ignored="0" total="1" passed="1">
  <reporter-output>
  </reporter-output>
  <suite name="Suite" duration-ms="24757" started-at="2017-10-20T19:51:40Z" finished-at="2017-10-20T19:52:04Z">
    <groups>
    </groups>
    <test name="Test" duration-ms="24757" started-at="2017-10-20T19:51:40Z" finished-at="2017-10-20T19:52:04Z">
      <class name="Automation.Selenium.datepicker">
        <test-method status="PASS" signature="sample()[pri:0, instance:Automation.Selenium.datepicker@cc285f4]" name="sample" duration-ms="24722" started-at="2017-10-20T15:51:40Z" finished-at="2017-10-20T15:52:04Z">
          <reporter-output>
          </reporter-output>
        </test-method> <!-- sample -->
      </class> <!-- Automation.Selenium.datepicker -->
    </test> <!-- Test -->
  </suite> <!-- Suite -->
</testng-results>
